<?xml version="1.0" encoding="UTF-8"?>
<testsuite xmlns:xsi="http://www.w3.org/2001/XMLSchema-instance" xsi:noNamespaceSchemaLocation="https://maven.apache.org/surefire/maven-surefire-plugin/xsd/surefire-test-report.xsd" name="com.example.basic.BasicApplicationTests" time="10.274" tests="4" errors="0" skipped="0" failures="0">
  <properties>
    <property name="java.specification.version" value="17"/>
    <property name="sun.cpu.isalist" value="amd64"/>
    <property name="sun.jnu.encoding" value="Cp1252"/>
    <property name="java.class.path" value="C:\Users\a839607\Javier\Upgrape program\Upgrape2\Jenkins_Basic\target\test-classes;C:\Users\a839607\Javier\Upgrape program\Upgrape2\Jenkins_Basic\target\classes;C:\Users\a839607\.m2\repository\org\springframework\boot\spring-boot-starter-data-jpa\2.6.7\spring-boot-starter-data-jpa-2.6.7.jar;C:\Users\a839607\.m2\repository\org\springframework\boot\spring-boot-starter-aop\2.6.7\spring-boot-starter-aop-2.6.7.jar;C:\Users\a839607\.m2\repository\org\springframework\spring-aop\5.3.19\spring-aop-5.3.19.jar;C:\Users\a839607\.m2\repository\org\aspectj\aspectjweaver\1.9.7\aspectjweaver-1.9.7.jar;C:\Users\a839607\.m2\repository\org\springframework\boot\spring-boot-starter-jdbc\2.6.7\spring-boot-starter-jdbc-2.6.7.jar;C:\Users\a839607\.m2\repository\com\zaxxer\HikariCP\4.0.3\HikariCP-4.0.3.jar;C:\Users\a839607\.m2\repository\org\springframework\spring-jdbc\5.3.19\spring-jdbc-5.3.19.jar;C:\Users\a839607\.m2\repository\jakarta\transaction\jakarta.transaction-api\1.3.3\jakarta.transaction-api-1.3.3.jar;C:\Users\a839607\.m2\repository\jakarta\persistence\jakarta.persistence-api\2.2.3\jakarta.persistence-api-2.2.3.jar;C:\Users\a839607\.m2\repository\org\hibernate\hibernate-core\5.6.8.Final\hibernate-core-5.6.8.Final.jar;C:\Users\a839607\.m2\repository\net\bytebuddy\byte-buddy\1.11.22\byte-buddy-1.11.22.jar;C:\Users\a839607\.m2\repository\antlr\antlr\2.7.7\antlr-2.7.7.jar;C:\Users\a839607\.m2\repository\org\jboss\jandex\2.4.2.Final\jandex-2.4.2.Final.jar;C:\Users\a839607\.m2\repository\com\fasterxml\classmate\1.5.1\classmate-1.5.1.jar;C:\Users\a839607\.m2\repository\org\hibernate\common\hibernate-commons-annotations\5.1.2.Final\hibernate-commons-annotations-5.1.2.Final.jar;C:\Users\a839607\.m2\repository\org\glassfish\jaxb\jaxb-runtime\2.3.6\jaxb-runtime-2.3.6.jar;C:\Users\a839607\.m2\repository\org\glassfish\jaxb\txw2\2.3.6\txw2-2.3.6.jar;C:\Users\a839607\.m2\repository\com\sun\istack\istack-commons-runtime\3.0.12\istack-commons-runtime-3.0.12.jar;C:\Users\a839607\.m2\repository\com\sun\activation\jakarta.activation\1.2.2\jakarta.activation-1.2.2.jar;C:\Users\a839607\.m2\repository\org\springframework\data\spring-data-jpa\2.6.4\spring-data-jpa-2.6.4.jar;C:\Users\a839607\.m2\repository\org\springframework\data\spring-data-commons\2.6.4\spring-data-commons-2.6.4.jar;C:\Users\a839607\.m2\repository\org\springframework\spring-orm\5.3.19\spring-orm-5.3.19.jar;C:\Users\a839607\.m2\repository\org\springframework\spring-context\5.3.19\spring-context-5.3.19.jar;C:\Users\a839607\.m2\repository\org\springframework\spring-tx\5.3.19\spring-tx-5.3.19.jar;C:\Users\a839607\.m2\repository\org\springframework\spring-beans\5.3.19\spring-beans-5.3.19.jar;C:\Users\a839607\.m2\repository\org\slf4j\slf4j-api\1.7.36\slf4j-api-1.7.36.jar;C:\Users\a839607\.m2\repository\org\springframework\spring-aspects\5.3.19\spring-aspects-5.3.19.jar;C:\Users\a839607\.m2\repository\org\springframework\boot\spring-boot-starter-data-rest\2.6.7\spring-boot-starter-data-rest-2.6.7.jar;C:\Users\a839607\.m2\repository\org\springframework\data\spring-data-rest-webmvc\3.6.4\spring-data-rest-webmvc-3.6.4.jar;C:\Users\a839607\.m2\repository\org\springframework\data\spring-data-rest-core\3.6.4\spring-data-rest-core-3.6.4.jar;C:\Users\a839607\.m2\repository\org\springframework\hateoas\spring-hateoas\1.4.2\spring-hateoas-1.4.2.jar;C:\Users\a839607\.m2\repository\org\springframework\plugin\spring-plugin-core\2.0.0.RELEASE\spring-plugin-core-2.0.0.RELEASE.jar;C:\Users\a839607\.m2\repository\org\atteo\evo-inflector\1.3\evo-inflector-1.3.jar;C:\Users\a839607\.m2\repository\com\fasterxml\jackson\core\jackson-databind\2.13.2.1\jackson-databind-2.13.2.1.jar;C:\Users\a839607\.m2\repository\com\fasterxml\jackson\core\jackson-annotations\2.13.2\jackson-annotations-2.13.2.jar;C:\Users\a839607\.m2\repository\org\springframework\boot\spring-boot-starter-web\2.6.7\spring-boot-starter-web-2.6.7.jar;C:\Users\a839607\.m2\repository\org\springframework\boot\spring-boot-starter\2.6.7\spring-boot-starter-2.6.7.jar;C:\Users\a839607\.m2\repository\org\springframework\boot\spring-boot\2.6.7\spring-boot-2.6.7.jar;C:\Users\a839607\.m2\repository\org\springframework\boot\spring-boot-autoconfigure\2.6.7\spring-boot-autoconfigure-2.6.7.jar;C:\Users\a839607\.m2\repository\org\springframework\boot\spring-boot-starter-logging\2.6.7\spring-boot-starter-logging-2.6.7.jar;C:\Users\a839607\.m2\repository\ch\qos\logback\logback-classic\1.2.11\logback-classic-1.2.11.jar;C:\Users\a839607\.m2\repository\ch\qos\logback\logback-core\1.2.11\logback-core-1.2.11.jar;C:\Users\a839607\.m2\repository\org\apache\logging\log4j\log4j-to-slf4j\2.17.2\log4j-to-slf4j-2.17.2.jar;C:\Users\a839607\.m2\repository\org\slf4j\jul-to-slf4j\1.7.36\jul-to-slf4j-1.7.36.jar;C:\Users\a839607\.m2\repository\jakarta\annotation\jakarta.annotation-api\1.3.5\jakarta.annotation-api-1.3.5.jar;C:\Users\a839607\.m2\repository\org\yaml\snakeyaml\1.29\snakeyaml-1.29.jar;C:\Users\a839607\.m2\repository\org\springframework\boot\spring-boot-starter-json\2.6.7\spring-boot-starter-json-2.6.7.jar;C:\Users\a839607\.m2\repository\com\fasterxml\jackson\datatype\jackson-datatype-jdk8\2.13.2\jackson-datatype-jdk8-2.13.2.jar;C:\Users\a839607\.m2\repository\com\fasterxml\jackson\datatype\jackson-datatype-jsr310\2.13.2\jackson-datatype-jsr310-2.13.2.jar;C:\Users\a839607\.m2\repository\com\fasterxml\jackson\module\jackson-module-parameter-names\2.13.2\jackson-module-parameter-names-2.13.2.jar;C:\Users\a839607\.m2\repository\org\springframework\boot\spring-boot-starter-tomcat\2.6.7\spring-boot-starter-tomcat-2.6.7.jar;C:\Users\a839607\.m2\repository\org\apache\tomcat\embed\tomcat-embed-core\9.0.62\tomcat-embed-core-9.0.62.jar;C:\Users\a839607\.m2\repository\org\apache\tomcat\embed\tomcat-embed-el\9.0.62\tomcat-embed-el-9.0.62.jar;C:\Users\a839607\.m2\repository\org\apache\tomcat\embed\tomcat-embed-websocket\9.0.62\tomcat-embed-websocket-9.0.62.jar;C:\Users\a839607\.m2\repository\org\springframework\spring-web\5.3.19\spring-web-5.3.19.jar;C:\Users\a839607\.m2\repository\org\springframework\spring-webmvc\5.3.19\spring-webmvc-5.3.19.jar;C:\Users\a839607\.m2\repository\org\springframework\spring-expression\5.3.19\spring-expression-5.3.19.jar;C:\Users\a839607\.m2\repository\org\modelmapper\modelmapper\2.3.5\modelmapper-2.3.5.jar;C:\Users\a839607\.m2\repository\mysql\mysql-connector-java\8.0.28\mysql-connector-java-8.0.28.jar;C:\Users\a839607\.m2\repository\org\projectlombok\lombok\1.18.22\lombok-1.18.22.jar;C:\Users\a839607\.m2\repository\org\hibernate\hibernate-envers\5.6.8.Final\hibernate-envers-5.6.8.Final.jar;C:\Users\a839607\.m2\repository\org\jboss\logging\jboss-logging\3.4.3.Final\jboss-logging-3.4.3.Final.jar;C:\Users\a839607\.m2\repository\org\dom4j\dom4j\2.1.3\dom4j-2.1.3.jar;C:\Users\a839607\.m2\repository\org\sonarsource\scanner\maven\sonar-maven-plugin\3.2\sonar-maven-plugin-3.2.jar;C:\Users\a839607\.m2\repository\org\apache\maven\shared\maven-dependency-tree\2.2\maven-dependency-tree-2.2.jar;C:\Users\a839607\.m2\repository\org\codehaus\plexus\plexus-component-annotations\1.5.5\plexus-component-annotations-1.5.5.jar;C:\Users\a839607\.m2\repository\org\eclipse\aether\aether-util\0.9.0.M2\aether-util-0.9.0.M2.jar;C:\Users\a839607\.m2\repository\org\sonatype\plexus\plexus-sec-dispatcher\1.4\plexus-sec-dispatcher-1.4.jar;C:\Users\a839607\.m2\repository\org\sonatype\plexus\plexus-cipher\1.4\plexus-cipher-1.4.jar;C:\Users\a839607\.m2\repository\org\codehaus\plexus\plexus-utils\3.0.22\plexus-utils-3.0.22.jar;C:\Users\a839607\.m2\repository\org\sonarsource\scanner\api\sonar-scanner-api\2.8\sonar-scanner-api-2.8.jar;C:\Users\a839607\.m2\repository\commons-lang\commons-lang\2.6\commons-lang-2.6.jar;C:\Users\a839607\.m2\repository\com\google\code\findbugs\jsr305\2.0.3\jsr305-2.0.3.jar;C:\Users\a839607\.m2\repository\org\springframework\boot\spring-boot-starter-test\2.6.7\spring-boot-starter-test-2.6.7.jar;C:\Users\a839607\.m2\repository\org\springframework\boot\spring-boot-test\2.6.7\spring-boot-test-2.6.7.jar;C:\Users\a839607\.m2\repository\org\springframework\boot\spring-boot-test-autoconfigure\2.6.7\spring-boot-test-autoconfigure-2.6.7.jar;C:\Users\a839607\.m2\repository\com\jayway\jsonpath\json-path\2.6.0\json-path-2.6.0.jar;C:\Users\a839607\.m2\repository\net\minidev\json-smart\2.4.8\json-smart-2.4.8.jar;C:\Users\a839607\.m2\repository\net\minidev\accessors-smart\2.4.8\accessors-smart-2.4.8.jar;C:\Users\a839607\.m2\repository\org\ow2\asm\asm\9.1\asm-9.1.jar;C:\Users\a839607\.m2\repository\jakarta\xml\bind\jakarta.xml.bind-api\2.3.3\jakarta.xml.bind-api-2.3.3.jar;C:\Users\a839607\.m2\repository\jakarta\activation\jakarta.activation-api\1.2.2\jakarta.activation-api-1.2.2.jar;C:\Users\a839607\.m2\repository\org\assertj\assertj-core\3.21.0\assertj-core-3.21.0.jar;C:\Users\a839607\.m2\repository\org\hamcrest\hamcrest\2.2\hamcrest-2.2.jar;C:\Users\a839607\.m2\repository\org\junit\jupiter\junit-jupiter\5.8.2\junit-jupiter-5.8.2.jar;C:\Users\a839607\.m2\repository\org\junit\jupiter\junit-jupiter-api\5.8.2\junit-jupiter-api-5.8.2.jar;C:\Users\a839607\.m2\repository\org\opentest4j\opentest4j\1.2.0\opentest4j-1.2.0.jar;C:\Users\a839607\.m2\repository\org\junit\platform\junit-platform-commons\1.8.2\junit-platform-commons-1.8.2.jar;C:\Users\a839607\.m2\repository\org\apiguardian\apiguardian-api\1.1.2\apiguardian-api-1.1.2.jar;C:\Users\a839607\.m2\repository\org\junit\jupiter\junit-jupiter-params\5.8.2\junit-jupiter-params-5.8.2.jar;C:\Users\a839607\.m2\repository\org\junit\jupiter\junit-jupiter-engine\5.8.2\junit-jupiter-engine-5.8.2.jar;C:\Users\a839607\.m2\repository\org\junit\platform\junit-platform-engine\1.8.2\junit-platform-engine-1.8.2.jar;C:\Users\a839607\.m2\repository\org\mockito\mockito-core\4.0.0\mockito-core-4.0.0.jar;C:\Users\a839607\.m2\repository\net\bytebuddy\byte-buddy-agent\1.11.22\byte-buddy-agent-1.11.22.jar;C:\Users\a839607\.m2\repository\org\objenesis\objenesis\3.2\objenesis-3.2.jar;C:\Users\a839607\.m2\repository\org\mockito\mockito-junit-jupiter\4.0.0\mockito-junit-jupiter-4.0.0.jar;C:\Users\a839607\.m2\repository\org\skyscreamer\jsonassert\1.5.0\jsonassert-1.5.0.jar;C:\Users\a839607\.m2\repository\com\vaadin\external\google\android-json\0.0.20131108.vaadin1\android-json-0.0.20131108.vaadin1.jar;C:\Users\a839607\.m2\repository\org\springframework\spring-core\5.3.19\spring-core-5.3.19.jar;C:\Users\a839607\.m2\repository\org\springframework\spring-jcl\5.3.19\spring-jcl-5.3.19.jar;C:\Users\a839607\.m2\repository\org\springframework\spring-test\5.3.19\spring-test-5.3.19.jar;C:\Users\a839607\.m2\repository\org\xmlunit\xmlunit-core\2.8.4\xmlunit-core-2.8.4.jar;C:\Users\a839607\.m2\repository\org\apache\archiva\maven2-repository\2.2.7\maven2-repository-2.2.7.jar;C:\Users\a839607\.m2\repository\org\apache\archiva\metadata-model\2.2.7\metadata-model-2.2.7.jar;C:\Users\a839607\.m2\repository\org\apache\geronimo\specs\geronimo-jpa_2.0_spec\1.1\geronimo-jpa_2.0_spec-1.1.jar;C:\Users\a839607\.m2\repository\org\apache\archiva\metadata-model-maven2\2.2.7\metadata-model-maven2-2.2.7.jar;C:\Users\a839607\.m2\repository\org\apache\archiva\metadata-repository-api\2.2.7\metadata-repository-api-2.2.7.jar;C:\Users\a839607\.m2\repository\javax\inject\javax.inject\1\javax.inject-1.jar;C:\Users\a839607\.m2\repository\javax\annotation\jsr250-api\1.0\jsr250-api-1.0.jar;C:\Users\a839607\.m2\repository\org\apache\archiva\archiva-repository-layer\2.2.7\archiva-repository-layer-2.2.7.jar;C:\Users\a839607\.m2\repository\org\apache\archiva\archiva-consumer-api\2.2.7\archiva-consumer-api-2.2.7.jar;C:\Users\a839607\.m2\repository\org\apache\archiva\archiva-checksum\2.2.7\archiva-checksum-2.2.7.jar;C:\Users\a839607\.m2\repository\org\apache\archiva\archiva-repository-admin-api\2.2.7\archiva-repository-admin-api-2.2.7.jar;C:\Users\a839607\.m2\repository\org\apache\archiva\redback\redback-users-api\2.6.1\redback-users-api-2.6.1.jar;C:\Users\a839607\.m2\repository\org\apache\archiva\archiva-maven2-metadata\2.2.7\archiva-maven2-metadata-2.2.7.jar;C:\Users\a839607\.m2\repository\org\apache\archiva\archiva-model\2.2.7\archiva-model-2.2.7.jar;C:\Users\a839607\.m2\repository\org\apache\logging\log4j\log4j-jcl\2.17.2\log4j-jcl-2.17.2.jar;C:\Users\a839607\.m2\repository\commons-io\commons-io\2.4\commons-io-2.4.jar;C:\Users\a839607\.m2\repository\org\apache\archiva\archiva-proxy-api\2.2.7\archiva-proxy-api-2.2.7.jar;C:\Users\a839607\.m2\repository\org\apache\archiva\archiva-proxy-common\2.2.7\archiva-proxy-common-2.2.7.jar;C:\Users\a839607\.m2\repository\org\apache\maven\wagon\wagon-http-lightweight\2.9\wagon-http-lightweight-2.9.jar;C:\Users\a839607\.m2\repository\org\apache\maven\wagon\wagon-http-shared\2.9\wagon-http-shared-2.9.jar;C:\Users\a839607\.m2\repository\org\jsoup\jsoup\1.7.2\jsoup-1.7.2.jar;C:\Users\a839607\.m2\repository\org\apache\maven\wagon\wagon-http\2.9\wagon-http-2.9.jar;C:\Users\a839607\.m2\repository\org\apache\httpcomponents\httpclient\4.5.13\httpclient-4.5.13.jar;C:\Users\a839607\.m2\repository\commons-codec\commons-codec\1.15\commons-codec-1.15.jar;C:\Users\a839607\.m2\repository\org\apache\httpcomponents\httpcore\4.4.15\httpcore-4.4.15.jar;C:\Users\a839607\.m2\repository\commons-logging\commons-logging\1.2\commons-logging-1.2.jar;C:\Users\a839607\.m2\repository\org\eclipse\sisu\org.eclipse.sisu.plexus\0.0.0.M2a\org.eclipse.sisu.plexus-0.0.0.M2a.jar;C:\Users\a839607\.m2\repository\javax\enterprise\cdi-api\1.0\cdi-api-1.0.jar;C:\Users\a839607\.m2\repository\com\google\guava\guava\10.0.1\guava-10.0.1.jar;C:\Users\a839607\.m2\repository\org\eclipse\sisu\org.eclipse.sisu.inject\0.0.0.M2a\org.eclipse.sisu.inject-0.0.0.M2a.jar;C:\Users\a839607\.m2\repository\asm\asm\3.3.1\asm-3.3.1.jar;C:\Users\a839607\.m2\repository\org\codehaus\plexus\plexus-classworlds\2.4\plexus-classworlds-2.4.jar;C:\Users\a839607\.m2\repository\com\google\inject\guice\4.0\guice-4.0-no_aop.jar;C:\Users\a839607\.m2\repository\aopalliance\aopalliance\1.0\aopalliance-1.0.jar;C:\Users\a839607\.m2\repository\org\apache\archiva\archiva-plexus-bridge\2.2.7\archiva-plexus-bridge-2.2.7.jar;C:\Users\a839607\.m2\repository\org\apache\archiva\redback\components\spring-utils\2.1\spring-utils-2.1.jar;C:\Users\a839607\.m2\repository\org\apache\maven\indexer\indexer-core\5.1.1\indexer-core-5.1.1.jar;C:\Users\a839607\.m2\repository\org\apache\maven\indexer\indexer-artifact\5.1.1\indexer-artifact-5.1.1.jar;C:\Users\a839607\.m2\repository\org\apache\lucene\lucene-core\3.6.2\lucene-core-3.6.2.jar;C:\Users\a839607\.m2\repository\org\apache\lucene\lucene-highlighter\3.6.2\lucene-highlighter-3.6.2.jar;C:\Users\a839607\.m2\repository\org\apache\lucene\lucene-memory\3.6.2\lucene-memory-3.6.2.jar;C:\Users\a839607\.m2\repository\org\apache\lucene\lucene-queries\3.6.2\lucene-queries-3.6.2.jar;C:\Users\a839607\.m2\repository\jakarta-regexp\jakarta-regexp\1.4\jakarta-regexp-1.4.jar;C:\Users\a839607\.m2\repository\org\codehaus\plexus\plexus-digest\1.1\plexus-digest-1.1.jar;C:\Users\a839607\.m2\repository\org\apache\maven\maven-model-builder\3.0.5\maven-model-builder-3.0.5.jar;C:\Users\a839607\.m2\repository\org\codehaus\plexus\plexus-interpolation\1.14\plexus-interpolation-1.14.jar;C:\Users\a839607\.m2\repository\org\apache\maven\maven-artifact\2.0.8\maven-artifact-2.0.8.jar;C:\Users\a839607\.m2\repository\org\apache\maven\maven-artifact-manager\2.0.8\maven-artifact-manager-2.0.8.jar;C:\Users\a839607\.m2\repository\org\apache\maven\maven-repository-metadata\3.0.5\maven-repository-metadata-3.0.5.jar;C:\Users\a839607\.m2\repository\org\apache\maven\maven-model\3.0.5\maven-model-3.0.5.jar;C:\Users\a839607\.m2\repository\org\apache\maven\maven-aether-provider\3.0.5\maven-aether-provider-3.0.5.jar;C:\Users\a839607\.m2\repository\org\sonatype\aether\aether-spi\1.13.1\aether-spi-1.13.1.jar;C:\Users\a839607\.m2\repository\org\sonatype\aether\aether-api\1.13.1\aether-api-1.13.1.jar;C:\Users\a839607\.m2\repository\org\sonatype\aether\aether-impl\1.13.1\aether-impl-1.13.1.jar;C:\Users\a839607\.m2\repository\org\sonatype\aether\aether-util\1.13.1\aether-util-1.13.1.jar;C:\Users\a839607\.m2\repository\org\sonatype\aether\aether-connector-file\1.13.1\aether-connector-file-1.13.1.jar;C:\Users\a839607\.m2\repository\org\apache\archiva\archiva-configuration\2.2.7\archiva-configuration-2.2.7.jar;C:\Users\a839607\.m2\repository\org\apache\archiva\redback\components\registry\spring-registry-api\2.4\spring-registry-api-2.4.jar;C:\Users\a839607\.m2\repository\org\springframework\spring-context-support\5.3.19\spring-context-support-5.3.19.jar;C:\Users\a839607\.m2\repository\org\apache\archiva\redback\components\registry\spring-registry-commons\2.4\spring-registry-commons-2.4.jar;C:\Users\a839607\.m2\repository\commons-beanutils\commons-beanutils\1.7.0\commons-beanutils-1.7.0.jar;C:\Users\a839607\.m2\repository\commons-configuration\commons-configuration\1.10\commons-configuration-1.10.jar;C:\Users\a839607\.m2\repository\org\apache\ant\ant\1.8.3\ant-1.8.3.jar;C:\Users\a839607\.m2\repository\org\apache\ant\ant-launcher\1.8.3\ant-launcher-1.8.3.jar;C:\Users\a839607\.m2\repository\org\apache\archiva\redback\components\expression-evaluator\2.1\expression-evaluator-2.1.jar;C:\Users\a839607\.m2\repository\org\apache\archiva\archiva-policies\2.2.7\archiva-policies-2.2.7.jar;C:\Users\a839607\.m2\repository\org\apache\archiva\redback\components\cache\spring-cache-api\2.2\spring-cache-api-2.2.jar;C:\Users\a839607\.m2\repository\org\apache\archiva\redback\components\cache\spring-cache-ehcache\2.2\spring-cache-ehcache-2.2.jar;C:\Users\a839607\.m2\repository\net\sf\ehcache\ehcache\2.10.9.2\ehcache-2.10.9.2.jar;C:\Users\a839607\.m2\repository\org\apache\archiva\archiva-maven2-model\2.2.7\archiva-maven2-model-2.2.7.jar;C:\Users\a839607\.m2\repository\org\apache\maven\wagon\wagon-provider-api\2.9\wagon-provider-api-2.9.jar;C:\Users\a839607\.m2\repository\org\apache\archiva\archiva-xml-tools\2.2.7\archiva-xml-tools-2.2.7.jar;C:\Users\a839607\.m2\repository\org\apache\archiva\archiva-common\2.2.7\archiva-common-2.2.7.jar;C:\Users\a839607\.m2\repository\commons-collections\commons-collections\3.2.1\commons-collections-3.2.1.jar;C:\Users\a839607\.m2\repository\dom4j\dom4j\1.6.1\dom4j-1.6.1.jar;C:\Users\a839607\.m2\repository\xml-apis\xml-apis\1.0.b2\xml-apis-1.0.b2.jar;C:\Users\a839607\.m2\repository\jaxen\jaxen\1.2.0\jaxen-1.2.0.jar;C:\Users\a839607\.m2\repository\org\apache\logging\log4j\log4j-1.2-api\2.17.2\log4j-1.2-api-2.17.2.jar;C:\Users\a839607\.m2\repository\org\apache\logging\log4j\log4j-api\2.17.2\log4j-api-2.17.2.jar;C:\Users\a839607\.m2\repository\org\springframework\restdocs\spring-restdocs-mockmvc\2.0.6.RELEASE\spring-restdocs-mockmvc-2.0.6.RELEASE.jar;C:\Users\a839607\.m2\repository\org\springframework\restdocs\spring-restdocs-core\2.0.6.RELEASE\spring-restdocs-core-2.0.6.RELEASE.jar;C:\Users\a839607\.m2\repository\javax\servlet\javax.servlet-api\4.0.1\javax.servlet-api-4.0.1.jar;C:\Users\a839607\.m2\repository\junit\junit\4.13\junit-4.13.jar;C:\Users\a839607\.m2\repository\org\hamcrest\hamcrest-core\2.2\hamcrest-core-2.2.jar;C:\Users\a839607\.m2\repository\org\springdoc\springdoc-openapi-ui\1.6.4\springdoc-openapi-ui-1.6.4.jar;C:\Users\a839607\.m2\repository\org\springdoc\springdoc-openapi-webmvc-core\1.6.4\springdoc-openapi-webmvc-core-1.6.4.jar;C:\Users\a839607\.m2\repository\org\springdoc\springdoc-openapi-common\1.6.4\springdoc-openapi-common-1.6.4.jar;C:\Users\a839607\.m2\repository\io\swagger\core\v3\swagger-core\2.1.12\swagger-core-2.1.12.jar;C:\Users\a839607\.m2\repository\org\apache\commons\commons-lang3\3.12.0\commons-lang3-3.12.0.jar;C:\Users\a839607\.m2\repository\com\fasterxml\jackson\dataformat\jackson-dataformat-yaml\2.13.2\jackson-dataformat-yaml-2.13.2.jar;C:\Users\a839607\.m2\repository\io\swagger\core\v3\swagger-annotations\2.1.12\swagger-annotations-2.1.12.jar;C:\Users\a839607\.m2\repository\io\swagger\core\v3\swagger-models\2.1.12\swagger-models-2.1.12.jar;C:\Users\a839607\.m2\repository\jakarta\validation\jakarta.validation-api\2.0.2\jakarta.validation-api-2.0.2.jar;C:\Users\a839607\.m2\repository\org\webjars\swagger-ui\4.1.3\swagger-ui-4.1.3.jar;C:\Users\a839607\.m2\repository\org\webjars\webjars-locator-core\0.48\webjars-locator-core-0.48.jar;C:\Users\a839607\.m2\repository\com\fasterxml\jackson\core\jackson-core\2.13.2\jackson-core-2.13.2.jar;C:\Users\a839607\.m2\repository\io\github\classgraph\classgraph\4.8.138\classgraph-4.8.138.jar;C:\Users\a839607\.m2\repository\com\h2database\h2\1.4.200\h2-1.4.200.jar;"/>
    <property name="java.vm.vendor" value="Oracle Corporation"/>
    <property name="sun.arch.data.model" value="64"/>
    <property name="user.variant" value=""/>
    <property name="java.vendor.url" value="https://java.oracle.com/"/>
    <property name="user.timezone" value="America/Mexico_City"/>
    <property name="os.name" value="Windows 10"/>
    <property name="java.vm.specification.version" value="17"/>
    <property name="sun.java.launcher" value="SUN_STANDARD"/>
    <property name="user.country" value="US"/>
    <property name="sun.boot.library.path" value="C:\Program Files\Java\jdk-17.0.1\bin"/>
    <property name="sun.java.command" value="C:\Users\a839607\AppData\Local\Temp\surefire5150463209347006674\surefirebooter14526636908806441732.jar C:\Users\a839607\AppData\Local\Temp\surefire5150463209347006674 2022-05-24T09-18-12_831-jvmRun1 surefire9667178601969878086tmp surefire_014310318664715698274tmp"/>
    <property name="jdk.debug" value="release"/>
    <property name="surefire.test.class.path" value="C:\Users\a839607\Javier\Upgrape program\Upgrape2\Jenkins_Basic\target\test-classes;C:\Users\a839607\Javier\Upgrape program\Upgrape2\Jenkins_Basic\target\classes;C:\Users\a839607\.m2\repository\org\springframework\boot\spring-boot-starter-data-jpa\2.6.7\spring-boot-starter-data-jpa-2.6.7.jar;C:\Users\a839607\.m2\repository\org\springframework\boot\spring-boot-starter-aop\2.6.7\spring-boot-starter-aop-2.6.7.jar;C:\Users\a839607\.m2\repository\org\springframework\spring-aop\5.3.19\spring-aop-5.3.19.jar;C:\Users\a839607\.m2\repository\org\aspectj\aspectjweaver\1.9.7\aspectjweaver-1.9.7.jar;C:\Users\a839607\.m2\repository\org\springframework\boot\spring-boot-starter-jdbc\2.6.7\spring-boot-starter-jdbc-2.6.7.jar;C:\Users\a839607\.m2\repository\com\zaxxer\HikariCP\4.0.3\HikariCP-4.0.3.jar;C:\Users\a839607\.m2\repository\org\springframework\spring-jdbc\5.3.19\spring-jdbc-5.3.19.jar;C:\Users\a839607\.m2\repository\jakarta\transaction\jakarta.transaction-api\1.3.3\jakarta.transaction-api-1.3.3.jar;C:\Users\a839607\.m2\repository\jakarta\persistence\jakarta.persistence-api\2.2.3\jakarta.persistence-api-2.2.3.jar;C:\Users\a839607\.m2\repository\org\hibernate\hibernate-core\5.6.8.Final\hibernate-core-5.6.8.Final.jar;C:\Users\a839607\.m2\repository\net\bytebuddy\byte-buddy\1.11.22\byte-buddy-1.11.22.jar;C:\Users\a839607\.m2\repository\antlr\antlr\2.7.7\antlr-2.7.7.jar;C:\Users\a839607\.m2\repository\org\jboss\jandex\2.4.2.Final\jandex-2.4.2.Final.jar;C:\Users\a839607\.m2\repository\com\fasterxml\classmate\1.5.1\classmate-1.5.1.jar;C:\Users\a839607\.m2\repository\org\hibernate\common\hibernate-commons-annotations\5.1.2.Final\hibernate-commons-annotations-5.1.2.Final.jar;C:\Users\a839607\.m2\repository\org\glassfish\jaxb\jaxb-runtime\2.3.6\jaxb-runtime-2.3.6.jar;C:\Users\a839607\.m2\repository\org\glassfish\jaxb\txw2\2.3.6\txw2-2.3.6.jar;C:\Users\a839607\.m2\repository\com\sun\istack\istack-commons-runtime\3.0.12\istack-commons-runtime-3.0.12.jar;C:\Users\a839607\.m2\repository\com\sun\activation\jakarta.activation\1.2.2\jakarta.activation-1.2.2.jar;C:\Users\a839607\.m2\repository\org\springframework\data\spring-data-jpa\2.6.4\spring-data-jpa-2.6.4.jar;C:\Users\a839607\.m2\repository\org\springframework\data\spring-data-commons\2.6.4\spring-data-commons-2.6.4.jar;C:\Users\a839607\.m2\repository\org\springframework\spring-orm\5.3.19\spring-orm-5.3.19.jar;C:\Users\a839607\.m2\repository\org\springframework\spring-context\5.3.19\spring-context-5.3.19.jar;C:\Users\a839607\.m2\repository\org\springframework\spring-tx\5.3.19\spring-tx-5.3.19.jar;C:\Users\a839607\.m2\repository\org\springframework\spring-beans\5.3.19\spring-beans-5.3.19.jar;C:\Users\a839607\.m2\repository\org\slf4j\slf4j-api\1.7.36\slf4j-api-1.7.36.jar;C:\Users\a839607\.m2\repository\org\springframework\spring-aspects\5.3.19\spring-aspects-5.3.19.jar;C:\Users\a839607\.m2\repository\org\springframework\boot\spring-boot-starter-data-rest\2.6.7\spring-boot-starter-data-rest-2.6.7.jar;C:\Users\a839607\.m2\repository\org\springframework\data\spring-data-rest-webmvc\3.6.4\spring-data-rest-webmvc-3.6.4.jar;C:\Users\a839607\.m2\repository\org\springframework\data\spring-data-rest-core\3.6.4\spring-data-rest-core-3.6.4.jar;C:\Users\a839607\.m2\repository\org\springframework\hateoas\spring-hateoas\1.4.2\spring-hateoas-1.4.2.jar;C:\Users\a839607\.m2\repository\org\springframework\plugin\spring-plugin-core\2.0.0.RELEASE\spring-plugin-core-2.0.0.RELEASE.jar;C:\Users\a839607\.m2\repository\org\atteo\evo-inflector\1.3\evo-inflector-1.3.jar;C:\Users\a839607\.m2\repository\com\fasterxml\jackson\core\jackson-databind\2.13.2.1\jackson-databind-2.13.2.1.jar;C:\Users\a839607\.m2\repository\com\fasterxml\jackson\core\jackson-annotations\2.13.2\jackson-annotations-2.13.2.jar;C:\Users\a839607\.m2\repository\org\springframework\boot\spring-boot-starter-web\2.6.7\spring-boot-starter-web-2.6.7.jar;C:\Users\a839607\.m2\repository\org\springframework\boot\spring-boot-starter\2.6.7\spring-boot-starter-2.6.7.jar;C:\Users\a839607\.m2\repository\org\springframework\boot\spring-boot\2.6.7\spring-boot-2.6.7.jar;C:\Users\a839607\.m2\repository\org\springframework\boot\spring-boot-autoconfigure\2.6.7\spring-boot-autoconfigure-2.6.7.jar;C:\Users\a839607\.m2\repository\org\springframework\boot\spring-boot-starter-logging\2.6.7\spring-boot-starter-logging-2.6.7.jar;C:\Users\a839607\.m2\repository\ch\qos\logback\logback-classic\1.2.11\logback-classic-1.2.11.jar;C:\Users\a839607\.m2\repository\ch\qos\logback\logback-core\1.2.11\logback-core-1.2.11.jar;C:\Users\a839607\.m2\repository\org\apache\logging\log4j\log4j-to-slf4j\2.17.2\log4j-to-slf4j-2.17.2.jar;C:\Users\a839607\.m2\repository\org\slf4j\jul-to-slf4j\1.7.36\jul-to-slf4j-1.7.36.jar;C:\Users\a839607\.m2\repository\jakarta\annotation\jakarta.annotation-api\1.3.5\jakarta.annotation-api-1.3.5.jar;C:\Users\a839607\.m2\repository\org\yaml\snakeyaml\1.29\snakeyaml-1.29.jar;C:\Users\a839607\.m2\repository\org\springframework\boot\spring-boot-starter-json\2.6.7\spring-boot-starter-json-2.6.7.jar;C:\Users\a839607\.m2\repository\com\fasterxml\jackson\datatype\jackson-datatype-jdk8\2.13.2\jackson-datatype-jdk8-2.13.2.jar;C:\Users\a839607\.m2\repository\com\fasterxml\jackson\datatype\jackson-datatype-jsr310\2.13.2\jackson-datatype-jsr310-2.13.2.jar;C:\Users\a839607\.m2\repository\com\fasterxml\jackson\module\jackson-module-parameter-names\2.13.2\jackson-module-parameter-names-2.13.2.jar;C:\Users\a839607\.m2\repository\org\springframework\boot\spring-boot-starter-tomcat\2.6.7\spring-boot-starter-tomcat-2.6.7.jar;C:\Users\a839607\.m2\repository\org\apache\tomcat\embed\tomcat-embed-core\9.0.62\tomcat-embed-core-9.0.62.jar;C:\Users\a839607\.m2\repository\org\apache\tomcat\embed\tomcat-embed-el\9.0.62\tomcat-embed-el-9.0.62.jar;C:\Users\a839607\.m2\repository\org\apache\tomcat\embed\tomcat-embed-websocket\9.0.62\tomcat-embed-websocket-9.0.62.jar;C:\Users\a839607\.m2\repository\org\springframework\spring-web\5.3.19\spring-web-5.3.19.jar;C:\Users\a839607\.m2\repository\org\springframework\spring-webmvc\5.3.19\spring-webmvc-5.3.19.jar;C:\Users\a839607\.m2\repository\org\springframework\spring-expression\5.3.19\spring-expression-5.3.19.jar;C:\Users\a839607\.m2\repository\org\modelmapper\modelmapper\2.3.5\modelmapper-2.3.5.jar;C:\Users\a839607\.m2\repository\mysql\mysql-connector-java\8.0.28\mysql-connector-java-8.0.28.jar;C:\Users\a839607\.m2\repository\org\projectlombok\lombok\1.18.22\lombok-1.18.22.jar;C:\Users\a839607\.m2\repository\org\hibernate\hibernate-envers\5.6.8.Final\hibernate-envers-5.6.8.Final.jar;C:\Users\a839607\.m2\repository\org\jboss\logging\jboss-logging\3.4.3.Final\jboss-logging-3.4.3.Final.jar;C:\Users\a839607\.m2\repository\org\dom4j\dom4j\2.1.3\dom4j-2.1.3.jar;C:\Users\a839607\.m2\repository\org\sonarsource\scanner\maven\sonar-maven-plugin\3.2\sonar-maven-plugin-3.2.jar;C:\Users\a839607\.m2\repository\org\apache\maven\shared\maven-dependency-tree\2.2\maven-dependency-tree-2.2.jar;C:\Users\a839607\.m2\repository\org\codehaus\plexus\plexus-component-annotations\1.5.5\plexus-component-annotations-1.5.5.jar;C:\Users\a839607\.m2\repository\org\eclipse\aether\aether-util\0.9.0.M2\aether-util-0.9.0.M2.jar;C:\Users\a839607\.m2\repository\org\sonatype\plexus\plexus-sec-dispatcher\1.4\plexus-sec-dispatcher-1.4.jar;C:\Users\a839607\.m2\repository\org\sonatype\plexus\plexus-cipher\1.4\plexus-cipher-1.4.jar;C:\Users\a839607\.m2\repository\org\codehaus\plexus\plexus-utils\3.0.22\plexus-utils-3.0.22.jar;C:\Users\a839607\.m2\repository\org\sonarsource\scanner\api\sonar-scanner-api\2.8\sonar-scanner-api-2.8.jar;C:\Users\a839607\.m2\repository\commons-lang\commons-lang\2.6\commons-lang-2.6.jar;C:\Users\a839607\.m2\repository\com\google\code\findbugs\jsr305\2.0.3\jsr305-2.0.3.jar;C:\Users\a839607\.m2\repository\org\springframework\boot\spring-boot-starter-test\2.6.7\spring-boot-starter-test-2.6.7.jar;C:\Users\a839607\.m2\repository\org\springframework\boot\spring-boot-test\2.6.7\spring-boot-test-2.6.7.jar;C:\Users\a839607\.m2\repository\org\springframework\boot\spring-boot-test-autoconfigure\2.6.7\spring-boot-test-autoconfigure-2.6.7.jar;C:\Users\a839607\.m2\repository\com\jayway\jsonpath\json-path\2.6.0\json-path-2.6.0.jar;C:\Users\a839607\.m2\repository\net\minidev\json-smart\2.4.8\json-smart-2.4.8.jar;C:\Users\a839607\.m2\repository\net\minidev\accessors-smart\2.4.8\accessors-smart-2.4.8.jar;C:\Users\a839607\.m2\repository\org\ow2\asm\asm\9.1\asm-9.1.jar;C:\Users\a839607\.m2\repository\jakarta\xml\bind\jakarta.xml.bind-api\2.3.3\jakarta.xml.bind-api-2.3.3.jar;C:\Users\a839607\.m2\repository\jakarta\activation\jakarta.activation-api\1.2.2\jakarta.activation-api-1.2.2.jar;C:\Users\a839607\.m2\repository\org\assertj\assertj-core\3.21.0\assertj-core-3.21.0.jar;C:\Users\a839607\.m2\repository\org\hamcrest\hamcrest\2.2\hamcrest-2.2.jar;C:\Users\a839607\.m2\repository\org\junit\jupiter\junit-jupiter\5.8.2\junit-jupiter-5.8.2.jar;C:\Users\a839607\.m2\repository\org\junit\jupiter\junit-jupiter-api\5.8.2\junit-jupiter-api-5.8.2.jar;C:\Users\a839607\.m2\repository\org\opentest4j\opentest4j\1.2.0\opentest4j-1.2.0.jar;C:\Users\a839607\.m2\repository\org\junit\platform\junit-platform-commons\1.8.2\junit-platform-commons-1.8.2.jar;C:\Users\a839607\.m2\repository\org\apiguardian\apiguardian-api\1.1.2\apiguardian-api-1.1.2.jar;C:\Users\a839607\.m2\repository\org\junit\jupiter\junit-jupiter-params\5.8.2\junit-jupiter-params-5.8.2.jar;C:\Users\a839607\.m2\repository\org\junit\jupiter\junit-jupiter-engine\5.8.2\junit-jupiter-engine-5.8.2.jar;C:\Users\a839607\.m2\repository\org\junit\platform\junit-platform-engine\1.8.2\junit-platform-engine-1.8.2.jar;C:\Users\a839607\.m2\repository\org\mockito\mockito-core\4.0.0\mockito-core-4.0.0.jar;C:\Users\a839607\.m2\repository\net\bytebuddy\byte-buddy-agent\1.11.22\byte-buddy-agent-1.11.22.jar;C:\Users\a839607\.m2\repository\org\objenesis\objenesis\3.2\objenesis-3.2.jar;C:\Users\a839607\.m2\repository\org\mockito\mockito-junit-jupiter\4.0.0\mockito-junit-jupiter-4.0.0.jar;C:\Users\a839607\.m2\repository\org\skyscreamer\jsonassert\1.5.0\jsonassert-1.5.0.jar;C:\Users\a839607\.m2\repository\com\vaadin\external\google\android-json\0.0.20131108.vaadin1\android-json-0.0.20131108.vaadin1.jar;C:\Users\a839607\.m2\repository\org\springframework\spring-core\5.3.19\spring-core-5.3.19.jar;C:\Users\a839607\.m2\repository\org\springframework\spring-jcl\5.3.19\spring-jcl-5.3.19.jar;C:\Users\a839607\.m2\repository\org\springframework\spring-test\5.3.19\spring-test-5.3.19.jar;C:\Users\a839607\.m2\repository\org\xmlunit\xmlunit-core\2.8.4\xmlunit-core-2.8.4.jar;C:\Users\a839607\.m2\repository\org\apache\archiva\maven2-repository\2.2.7\maven2-repository-2.2.7.jar;C:\Users\a839607\.m2\repository\org\apache\archiva\metadata-model\2.2.7\metadata-model-2.2.7.jar;C:\Users\a839607\.m2\repository\org\apache\geronimo\specs\geronimo-jpa_2.0_spec\1.1\geronimo-jpa_2.0_spec-1.1.jar;C:\Users\a839607\.m2\repository\org\apache\archiva\metadata-model-maven2\2.2.7\metadata-model-maven2-2.2.7.jar;C:\Users\a839607\.m2\repository\org\apache\archiva\metadata-repository-api\2.2.7\metadata-repository-api-2.2.7.jar;C:\Users\a839607\.m2\repository\javax\inject\javax.inject\1\javax.inject-1.jar;C:\Users\a839607\.m2\repository\javax\annotation\jsr250-api\1.0\jsr250-api-1.0.jar;C:\Users\a839607\.m2\repository\org\apache\archiva\archiva-repository-layer\2.2.7\archiva-repository-layer-2.2.7.jar;C:\Users\a839607\.m2\repository\org\apache\archiva\archiva-consumer-api\2.2.7\archiva-consumer-api-2.2.7.jar;C:\Users\a839607\.m2\repository\org\apache\archiva\archiva-checksum\2.2.7\archiva-checksum-2.2.7.jar;C:\Users\a839607\.m2\repository\org\apache\archiva\archiva-repository-admin-api\2.2.7\archiva-repository-admin-api-2.2.7.jar;C:\Users\a839607\.m2\repository\org\apache\archiva\redback\redback-users-api\2.6.1\redback-users-api-2.6.1.jar;C:\Users\a839607\.m2\repository\org\apache\archiva\archiva-maven2-metadata\2.2.7\archiva-maven2-metadata-2.2.7.jar;C:\Users\a839607\.m2\repository\org\apache\archiva\archiva-model\2.2.7\archiva-model-2.2.7.jar;C:\Users\a839607\.m2\repository\org\apache\logging\log4j\log4j-jcl\2.17.2\log4j-jcl-2.17.2.jar;C:\Users\a839607\.m2\repository\commons-io\commons-io\2.4\commons-io-2.4.jar;C:\Users\a839607\.m2\repository\org\apache\archiva\archiva-proxy-api\2.2.7\archiva-proxy-api-2.2.7.jar;C:\Users\a839607\.m2\repository\org\apache\archiva\archiva-proxy-common\2.2.7\archiva-proxy-common-2.2.7.jar;C:\Users\a839607\.m2\repository\org\apache\maven\wagon\wagon-http-lightweight\2.9\wagon-http-lightweight-2.9.jar;C:\Users\a839607\.m2\repository\org\apache\maven\wagon\wagon-http-shared\2.9\wagon-http-shared-2.9.jar;C:\Users\a839607\.m2\repository\org\jsoup\jsoup\1.7.2\jsoup-1.7.2.jar;C:\Users\a839607\.m2\repository\org\apache\maven\wagon\wagon-http\2.9\wagon-http-2.9.jar;C:\Users\a839607\.m2\repository\org\apache\httpcomponents\httpclient\4.5.13\httpclient-4.5.13.jar;C:\Users\a839607\.m2\repository\commons-codec\commons-codec\1.15\commons-codec-1.15.jar;C:\Users\a839607\.m2\repository\org\apache\httpcomponents\httpcore\4.4.15\httpcore-4.4.15.jar;C:\Users\a839607\.m2\repository\commons-logging\commons-logging\1.2\commons-logging-1.2.jar;C:\Users\a839607\.m2\repository\org\eclipse\sisu\org.eclipse.sisu.plexus\0.0.0.M2a\org.eclipse.sisu.plexus-0.0.0.M2a.jar;C:\Users\a839607\.m2\repository\javax\enterprise\cdi-api\1.0\cdi-api-1.0.jar;C:\Users\a839607\.m2\repository\com\google\guava\guava\10.0.1\guava-10.0.1.jar;C:\Users\a839607\.m2\repository\org\eclipse\sisu\org.eclipse.sisu.inject\0.0.0.M2a\org.eclipse.sisu.inject-0.0.0.M2a.jar;C:\Users\a839607\.m2\repository\asm\asm\3.3.1\asm-3.3.1.jar;C:\Users\a839607\.m2\repository\org\codehaus\plexus\plexus-classworlds\2.4\plexus-classworlds-2.4.jar;C:\Users\a839607\.m2\repository\com\google\inject\guice\4.0\guice-4.0-no_aop.jar;C:\Users\a839607\.m2\repository\aopalliance\aopalliance\1.0\aopalliance-1.0.jar;C:\Users\a839607\.m2\repository\org\apache\archiva\archiva-plexus-bridge\2.2.7\archiva-plexus-bridge-2.2.7.jar;C:\Users\a839607\.m2\repository\org\apache\archiva\redback\components\spring-utils\2.1\spring-utils-2.1.jar;C:\Users\a839607\.m2\repository\org\apache\maven\indexer\indexer-core\5.1.1\indexer-core-5.1.1.jar;C:\Users\a839607\.m2\repository\org\apache\maven\indexer\indexer-artifact\5.1.1\indexer-artifact-5.1.1.jar;C:\Users\a839607\.m2\repository\org\apache\lucene\lucene-core\3.6.2\lucene-core-3.6.2.jar;C:\Users\a839607\.m2\repository\org\apache\lucene\lucene-highlighter\3.6.2\lucene-highlighter-3.6.2.jar;C:\Users\a839607\.m2\repository\org\apache\lucene\lucene-memory\3.6.2\lucene-memory-3.6.2.jar;C:\Users\a839607\.m2\repository\org\apache\lucene\lucene-queries\3.6.2\lucene-queries-3.6.2.jar;C:\Users\a839607\.m2\repository\jakarta-regexp\jakarta-regexp\1.4\jakarta-regexp-1.4.jar;C:\Users\a839607\.m2\repository\org\codehaus\plexus\plexus-digest\1.1\plexus-digest-1.1.jar;C:\Users\a839607\.m2\repository\org\apache\maven\maven-model-builder\3.0.5\maven-model-builder-3.0.5.jar;C:\Users\a839607\.m2\repository\org\codehaus\plexus\plexus-interpolation\1.14\plexus-interpolation-1.14.jar;C:\Users\a839607\.m2\repository\org\apache\maven\maven-artifact\2.0.8\maven-artifact-2.0.8.jar;C:\Users\a839607\.m2\repository\org\apache\maven\maven-artifact-manager\2.0.8\maven-artifact-manager-2.0.8.jar;C:\Users\a839607\.m2\repository\org\apache\maven\maven-repository-metadata\3.0.5\maven-repository-metadata-3.0.5.jar;C:\Users\a839607\.m2\repository\org\apache\maven\maven-model\3.0.5\maven-model-3.0.5.jar;C:\Users\a839607\.m2\repository\org\apache\maven\maven-aether-provider\3.0.5\maven-aether-provider-3.0.5.jar;C:\Users\a839607\.m2\repository\org\sonatype\aether\aether-spi\1.13.1\aether-spi-1.13.1.jar;C:\Users\a839607\.m2\repository\org\sonatype\aether\aether-api\1.13.1\aether-api-1.13.1.jar;C:\Users\a839607\.m2\repository\org\sonatype\aether\aether-impl\1.13.1\aether-impl-1.13.1.jar;C:\Users\a839607\.m2\repository\org\sonatype\aether\aether-util\1.13.1\aether-util-1.13.1.jar;C:\Users\a839607\.m2\repository\org\sonatype\aether\aether-connector-file\1.13.1\aether-connector-file-1.13.1.jar;C:\Users\a839607\.m2\repository\org\apache\archiva\archiva-configuration\2.2.7\archiva-configuration-2.2.7.jar;C:\Users\a839607\.m2\repository\org\apache\archiva\redback\components\registry\spring-registry-api\2.4\spring-registry-api-2.4.jar;C:\Users\a839607\.m2\repository\org\springframework\spring-context-support\5.3.19\spring-context-support-5.3.19.jar;C:\Users\a839607\.m2\repository\org\apache\archiva\redback\components\registry\spring-registry-commons\2.4\spring-registry-commons-2.4.jar;C:\Users\a839607\.m2\repository\commons-beanutils\commons-beanutils\1.7.0\commons-beanutils-1.7.0.jar;C:\Users\a839607\.m2\repository\commons-configuration\commons-configuration\1.10\commons-configuration-1.10.jar;C:\Users\a839607\.m2\repository\org\apache\ant\ant\1.8.3\ant-1.8.3.jar;C:\Users\a839607\.m2\repository\org\apache\ant\ant-launcher\1.8.3\ant-launcher-1.8.3.jar;C:\Users\a839607\.m2\repository\org\apache\archiva\redback\components\expression-evaluator\2.1\expression-evaluator-2.1.jar;C:\Users\a839607\.m2\repository\org\apache\archiva\archiva-policies\2.2.7\archiva-policies-2.2.7.jar;C:\Users\a839607\.m2\repository\org\apache\archiva\redback\components\cache\spring-cache-api\2.2\spring-cache-api-2.2.jar;C:\Users\a839607\.m2\repository\org\apache\archiva\redback\components\cache\spring-cache-ehcache\2.2\spring-cache-ehcache-2.2.jar;C:\Users\a839607\.m2\repository\net\sf\ehcache\ehcache\2.10.9.2\ehcache-2.10.9.2.jar;C:\Users\a839607\.m2\repository\org\apache\archiva\archiva-maven2-model\2.2.7\archiva-maven2-model-2.2.7.jar;C:\Users\a839607\.m2\repository\org\apache\maven\wagon\wagon-provider-api\2.9\wagon-provider-api-2.9.jar;C:\Users\a839607\.m2\repository\org\apache\archiva\archiva-xml-tools\2.2.7\archiva-xml-tools-2.2.7.jar;C:\Users\a839607\.m2\repository\org\apache\archiva\archiva-common\2.2.7\archiva-common-2.2.7.jar;C:\Users\a839607\.m2\repository\commons-collections\commons-collections\3.2.1\commons-collections-3.2.1.jar;C:\Users\a839607\.m2\repository\dom4j\dom4j\1.6.1\dom4j-1.6.1.jar;C:\Users\a839607\.m2\repository\xml-apis\xml-apis\1.0.b2\xml-apis-1.0.b2.jar;C:\Users\a839607\.m2\repository\jaxen\jaxen\1.2.0\jaxen-1.2.0.jar;C:\Users\a839607\.m2\repository\org\apache\logging\log4j\log4j-1.2-api\2.17.2\log4j-1.2-api-2.17.2.jar;C:\Users\a839607\.m2\repository\org\apache\logging\log4j\log4j-api\2.17.2\log4j-api-2.17.2.jar;C:\Users\a839607\.m2\repository\org\springframework\restdocs\spring-restdocs-mockmvc\2.0.6.RELEASE\spring-restdocs-mockmvc-2.0.6.RELEASE.jar;C:\Users\a839607\.m2\repository\org\springframework\restdocs\spring-restdocs-core\2.0.6.RELEASE\spring-restdocs-core-2.0.6.RELEASE.jar;C:\Users\a839607\.m2\repository\javax\servlet\javax.servlet-api\4.0.1\javax.servlet-api-4.0.1.jar;C:\Users\a839607\.m2\repository\junit\junit\4.13\junit-4.13.jar;C:\Users\a839607\.m2\repository\org\hamcrest\hamcrest-core\2.2\hamcrest-core-2.2.jar;C:\Users\a839607\.m2\repository\org\springdoc\springdoc-openapi-ui\1.6.4\springdoc-openapi-ui-1.6.4.jar;C:\Users\a839607\.m2\repository\org\springdoc\springdoc-openapi-webmvc-core\1.6.4\springdoc-openapi-webmvc-core-1.6.4.jar;C:\Users\a839607\.m2\repository\org\springdoc\springdoc-openapi-common\1.6.4\springdoc-openapi-common-1.6.4.jar;C:\Users\a839607\.m2\repository\io\swagger\core\v3\swagger-core\2.1.12\swagger-core-2.1.12.jar;C:\Users\a839607\.m2\repository\org\apache\commons\commons-lang3\3.12.0\commons-lang3-3.12.0.jar;C:\Users\a839607\.m2\repository\com\fasterxml\jackson\dataformat\jackson-dataformat-yaml\2.13.2\jackson-dataformat-yaml-2.13.2.jar;C:\Users\a839607\.m2\repository\io\swagger\core\v3\swagger-annotations\2.1.12\swagger-annotations-2.1.12.jar;C:\Users\a839607\.m2\repository\io\swagger\core\v3\swagger-models\2.1.12\swagger-models-2.1.12.jar;C:\Users\a839607\.m2\repository\jakarta\validation\jakarta.validation-api\2.0.2\jakarta.validation-api-2.0.2.jar;C:\Users\a839607\.m2\repository\org\webjars\swagger-ui\4.1.3\swagger-ui-4.1.3.jar;C:\Users\a839607\.m2\repository\org\webjars\webjars-locator-core\0.48\webjars-locator-core-0.48.jar;C:\Users\a839607\.m2\repository\com\fasterxml\jackson\core\jackson-core\2.13.2\jackson-core-2.13.2.jar;C:\Users\a839607\.m2\repository\io\github\classgraph\classgraph\4.8.138\classgraph-4.8.138.jar;C:\Users\a839607\.m2\repository\com\h2database\h2\1.4.200\h2-1.4.200.jar;"/>
    <property name="sun.cpu.endian" value="little"/>
    <property name="user.home" value="C:\Users\a839607"/>
    <property name="user.language" value="en"/>
    <property name="java.specification.vendor" value="Oracle Corporation"/>
    <property name="java.version.date" value="2021-10-19"/>
    <property name="java.home" value="C:\Program Files\Java\jdk-17.0.1"/>
    <property name="file.separator" value="\"/>
    <property name="basedir" value="C:\Users\a839607\Javier\Upgrape program\Upgrape2\Jenkins_Basic"/>
    <property name="java.vm.compressedOopsMode" value="32-bit"/>
    <property name="line.separator" value="&#10;"/>
    <property name="java.vm.specification.vendor" value="Oracle Corporation"/>
    <property name="java.specification.name" value="Java Platform API Specification"/>
    <property name="surefire.real.class.path" value="C:\Users\a839607\AppData\Local\Temp\surefire5150463209347006674\surefirebooter14526636908806441732.jar"/>
    <property name="user.script" value=""/>
    <property name="sun.management.compiler" value="HotSpot 64-Bit Tiered Compilers"/>
    <property name="java.runtime.version" value="17.0.1+12-LTS-39"/>
    <property name="user.name" value="a839607"/>
    <property name="path.separator" value=";"/>
    <property name="os.version" value="10.0"/>
    <property name="java.runtime.name" value="Java(TM) SE Runtime Environment"/>
    <property name="file.encoding" value="Cp1252"/>
    <property name="java.vm.name" value="Java HotSpot(TM) 64-Bit Server VM"/>
    <property name="localRepository" value="C:\Users\a839607\.m2\repository"/>
    <property name="java.vendor.url.bug" value="https://bugreport.java.com/bugreport/"/>
    <property name="java.io.tmpdir" value="C:\Users\a839607\AppData\Local\Temp\"/>
    <property name="idea.version" value="2021.3"/>
    <property name="java.version" value="17.0.1"/>
    <property name="user.dir" value="C:\Users\a839607\Javier\Upgrape program\Upgrape2\Jenkins_Basic"/>
    <property name="os.arch" value="amd64"/>
    <property name="java.vm.specification.name" value="Java Virtual Machine Specification"/>
    <property name="sun.os.patch.level" value=""/>
    <property name="native.encoding" value="Cp1252"/>
    <property name="java.library.path" value="C:\Program Files\Java\jdk-17.0.1\bin;C:\Windows\Sun\Java\bin;C:\Windows\system32;C:\Windows;C:\Python310\Scripts\;C:\Python310\;C:\Program Files\Common Files\Oracle\Java\javapath;C:\Program Files (x86)\Common Files\Oracle\Java\javapath;C:\oraclexe\app\oracle\product\11.2.0\server\bin;C:\Windows\system32;C:\Windows;C:\Windows\System32\Wbem;C:\Windows\System32\WindowsPowerShell\v1.0\;C:\Windows\System32\OpenSSH\;C:\Program Files (x86)\Common Files\Pulse Secure\VC142.CRT\X64\;C:\Program Files (x86)\Common Files\Pulse Secure\VC142.CRT\X86\;C:\Program Files\Git\cmd;C:\ProgramData\chocolatey\bin;C:\Program Files\nodejs\;C:\Program Files\Docker\Docker\resources\bin;C:\ProgramData\DockerDesktop\version-bin;C:\Users\a839607\apache-maven-3.8.4-bin\apache-maven-3.8.4\bin;C:\Program Files\Java\jdk-17.0.1\bin;C:\Program Files\MySQL\MySQL Shell 8.0\bin\;C:\Users\a839607\AppData\Local\Microsoft\WindowsApps;C:\Users\a839607\AppData\Local\Programs\Microsoft VS Code\bin;C:\Users\a839607\AppData\Roaming\npm;C:\Users\a839607\AppData\Local\GitHubDesktop\bin;C:\Program Files\JetBrains\IntelliJ IDEA Community Edition 2021.3\bin;;."/>
    <property name="java.vm.info" value="mixed mode, sharing"/>
    <property name="java.vendor" value="Oracle Corporation"/>
    <property name="java.vm.version" value="17.0.1+12-LTS-39"/>
    <property name="sun.io.unicode.encoding" value="UnicodeLittle"/>
    <property name="java.class.version" value="61.0"/>
    <property name="maven.test.failure.ignore" value="true"/>
  </properties>
  <testcase name="saveUserTest" classname="com.example.basic.BasicApplicationTests" time="0.261"/>
  <testcase name="allUserTest" classname="com.example.basic.BasicApplicationTests" time="0.023"/>
  <testcase name="delUserTest" classname="com.example.basic.BasicApplicationTests" time="0.012"/>
  <testcase name="getUserTest" classname="com.example.basic.BasicApplicationTests" time="0.019"/>
</testsuite>